Mon Dec 12 20:59:05 BRST 2016 : Apache Derby Servidor de Rede - 10.10.2.0 - (1582446) iniciado e pronto para aceitar conexões na porta 1527 em {3}
----------------------------------------------------------------
Mon Dec 12 20:59:35 BRST 2016:
 Inicializando o Derby versão The Apache Software Foundation - Apache Derby - 10.10.2.0 - (1582446): instância a816c00e-0158-f542-ce00-00001d4b9acd
no diretório de banco de dados C:\Users\Desenvolvedor\Documents\GitHub\POOTP6\Database\Usuario 

java.vendor=Oracle Corporation
java.runtime.version=1.8.0_73-b02
user.dir=C:\Program Files\glassfish-4.1.1\javadb
os.name=Windows 10
os.arch=amd64
os.version=10.0
derby.system.home=C:\Users\Desenvolvedor\Documents\GitHub\POOTP6\Database
Carregador de classe do banco de dados iniciado - derby.database.classpath=''
----------------------------------------------------------------
Mon Dec 12 20:59:43 BRST 2016:
Encerrando a instância a816c00e-0158-f542-ce00-00001d4b9acd
Mon Dec 12 20:59:43 BRST 2016 Thread[DRDAConnThread_2,5,main] (DATABASE = Usuario), (DRDAID = {2}), Banco de dados 'Usuario' fechado.
----------------------------------------------------------------
Mon Dec 12 20:59:47 BRST 2016:
 Inicializando o Derby versão The Apache Software Foundation - Apache Derby - 10.10.2.0 - (1582446): instância ed8940a7-0158-f542-ce00-00001d4b9acd
no diretório de banco de dados C:\Users\Desenvolvedor\Documents\GitHub\POOTP6\Database\Usuario 

java.vendor=Oracle Corporation
java.runtime.version=1.8.0_73-b02
user.dir=C:\Program Files\glassfish-4.1.1\javadb
os.name=Windows 10
os.arch=amd64
os.version=10.0
derby.system.home=C:\Users\Desenvolvedor\Documents\GitHub\POOTP6\Database
Carregador de classe do banco de dados iniciado - derby.database.classpath=''
----------------------------------------------------------------
Mon Dec 12 21:00:20 BRST 2016:
Encerrando a instância ed8940a7-0158-f542-ce00-00001d4b9acd
Mon Dec 12 21:00:20 BRST 2016 Thread[DRDAConnThread_2,5,main] (DATABASE = Usuario), (DRDAID = {4}), Banco de dados 'Usuario' fechado.
----------------------------------------------------------------
Mon Dec 12 21:00:49 BRST 2016:
 Inicializando o Derby versão The Apache Software Foundation - Apache Derby - 10.10.2.0 - (1582446): instância fb0bc0c6-0158-f542-ce00-00001d4b9acd
no diretório de banco de dados C:\Users\Desenvolvedor\Documents\GitHub\POOTP6\Database\DB 

java.vendor=Oracle Corporation
java.runtime.version=1.8.0_73-b02
user.dir=C:\Program Files\glassfish-4.1.1\javadb
os.name=Windows 10
os.arch=amd64
os.version=10.0
derby.system.home=C:\Users\Desenvolvedor\Documents\GitHub\POOTP6\Database
Carregador de classe do banco de dados iniciado - derby.database.classpath=''
----------------------------------------------------------------
Mon Dec 12 21:00:56 BRST 2016:
Encerrando a instância fb0bc0c6-0158-f542-ce00-00001d4b9acd
Mon Dec 12 21:00:57 BRST 2016 Thread[DRDAConnThread_2,5,main] (DATABASE = DB), (DRDAID = {6}), Banco de dados 'DB' fechado.
----------------------------------------------------------------
Mon Dec 12 21:01:01 BRST 2016:
 Inicializando o Derby versão The Apache Software Foundation - Apache Derby - 10.10.2.0 - (1582446): instância 9bfc415f-0158-f542-ce00-00001d4b9acd
no diretório de banco de dados C:\Users\Desenvolvedor\Documents\GitHub\POOTP6\Database\DB 

java.vendor=Oracle Corporation
java.runtime.version=1.8.0_73-b02
user.dir=C:\Program Files\glassfish-4.1.1\javadb
os.name=Windows 10
os.arch=amd64
os.version=10.0
derby.system.home=C:\Users\Desenvolvedor\Documents\GitHub\POOTP6\Database
Carregador de classe do banco de dados iniciado - derby.database.classpath=''
